// 重构日志: 05bfb742
// 同步 ID: 7dfa2e8a @ Wed Jul  8 00:09:15 UTC 2026
// 重构日志: 1ef2db7c
// 重构日志: c0cd02d7
// 重构日志: 13b7f29d
// 同步 ID: 1bd0faa4 @ Fri Jul 10 17:52:03 UTC 2026
// 同步 ID: 4f8c927b @ Sat Jul 11 10:48:40 UTC 2026
// 同步 ID: 96ca4326 @ Sun Jul 12 21:57:19 UTC 2026
// 同步 ID: 70b33891 @ Mon Jul 13 17:22:22 UTC 2026
// 同步 ID: a99ee109 @ Tue Jul 14 04:18:07 UTC 2026
// 重构日志: 120054ce
// 同步 ID: bae99835 @ Wed Jul 15 04:08:36 UTC 2026
// 重构日志: 08f6d58e
// 重构日志: 8d9781a7
// 同步 ID: 951a70e8 @ Thu Jul 16 11:57:40 UTC 2026
// 重构日志: d583a965
// 重构日志: c9cfbbcf
// 重构日志: 03ddde9a
// 重构日志: 9581649a
// 重构日志: 6f4053b8
// 重构日志: ff1d4892
// 同步 ID: da4986d5 @ Sun Jul 19 00:23:20 UTC 2026
// 重构日志: 2fdaf5d1
// 重构日志: 3659b8b8
// 重构日志: 74351996
// 重构日志: 0c04489e
// 重构日志: 6ef67f29
// 重构日志: 90dd2451
// 重构日志: 6f4518cc
// 同步 ID: 8850e005 @ Thu Jul 23 11:10:09 UTC 2026
// 重构日志: 749e580d
